<?xml version="1.0" encoding="UTF-8"?>
<!-- Generated by org.testng.reporters.JUnitReportReporter -->
<testsuite hostname="LAPTOP-4VGL578U" failures="0" tests="1" name="runner.runnertest" time="7.619" errors="0" timestamp="2024-10-23T12:44:43 IST" skipped="0">
  <testcase classname="runner.runnertest" name="runScenario" time="7.619"/>
</testsuite> <!-- runner.runnertest -->
