<?xml version="1.0" encoding="UTF-8"?>
<!-- Generated by org.testng.reporters.JUnitReportReporter -->
<testsuite hostname="LAPTOP-4VGL578U" failures="0" tests="1" name="runner.runnertest" time="14.184" errors="0" timestamp="2024-11-13T16:34:13 IST" skipped="0">
  <testcase classname="runner.runnertest" name="runScenario" time="14.184"/>
</testsuite> <!-- runner.runnertest -->
